avr-gcc (GCC) 4.3.3
Copyright (C) 2008 Free Software Foundation, Inc.
This is free software; see the source for copying conditions.  There is NO
warranty; not even for MERCHANTABILITY or FITNESS FOR A PARTICULAR PURPOSE.


Size before:
   text	   data	    bss	    dec	    hex	filename
  37732	    122	    820	  38674	   9712	main.elf


Processing MD5:
a84b


------ Compiling Module: ../..//modules/hardware/adns6010
make[1]: Entering directory `/home/jdam/robotter/eurobot/avrs/projects/unioc_adnsCalibration'
make[1]: Nothing to be done for `all'.
make[1]: Leaving directory `/home/jdam/robotter/eurobot/avrs/projects/unioc_adnsCalibration'

------ Compiling Module: devices/control_system/filters/pid
make[1]: Entering directory `/home/jdam/robotter/eurobot/avrs/projects/unioc_adnsCalibration'
make[1]: Nothing to be done for `all'.
make[1]: Leaving directory `/home/jdam/robotter/eurobot/avrs/projects/unioc_adnsCalibration'

------ Compiling Module: devices/control_system/filters/ramp
make[1]: Entering directory `/home/jdam/robotter/eurobot/avrs/projects/unioc_adnsCalibration'
make[1]: Nothing to be done for `all'.
make[1]: Leaving directory `/home/jdam/robotter/eurobot/avrs/projects/unioc_adnsCalibration'

------ Compiling Module: devices/control_system/filters/quadramp
make[1]: Entering directory `/home/jdam/robotter/eurobot/avrs/projects/unioc_adnsCalibration'
make[1]: Nothing to be done for `all'.
make[1]: Leaving directory `/home/jdam/robotter/eurobot/avrs/projects/unioc_adnsCalibration'

------ Compiling Module: devices/control_system/control_system_manager
make[1]: Entering directory `/home/jdam/robotter/eurobot/avrs/projects/unioc_adnsCalibration'
make[1]: Nothing to be done for `all'.
make[1]: Leaving directory `/home/jdam/robotter/eurobot/avrs/projects/unioc_adnsCalibration'

------ Compiling Module: base/time
make[1]: Entering directory `/home/jdam/robotter/eurobot/avrs/projects/unioc_adnsCalibration'
make[1]: Nothing to be done for `all'.
make[1]: Leaving directory `/home/jdam/robotter/eurobot/avrs/projects/unioc_adnsCalibration'

------ Compiling Module: base/scheduler
make[1]: Entering directory `/home/jdam/robotter/eurobot/avrs/projects/unioc_adnsCalibration'
make[1]: Nothing to be done for `all'.
make[1]: Leaving directory `/home/jdam/robotter/eurobot/avrs/projects/unioc_adnsCalibration'

------ Compiling Module: comm/uart
make[1]: Entering directory `/home/jdam/robotter/eurobot/avrs/projects/unioc_adnsCalibration'
make[1]: Nothing to be done for `all'.
make[1]: Leaving directory `/home/jdam/robotter/eurobot/avrs/projects/unioc_adnsCalibration'

------ Compiling Module: hardware/pwm
make[1]: Entering directory `/home/jdam/robotter/eurobot/avrs/projects/unioc_adnsCalibration'
make[1]: Nothing to be done for `all'.
make[1]: Leaving directory `/home/jdam/robotter/eurobot/avrs/projects/unioc_adnsCalibration'

------ Compiling Module: hardware/adc
make[1]: Entering directory `/home/jdam/robotter/eurobot/avrs/projects/unioc_adnsCalibration'
make[1]: Nothing to be done for `all'.
make[1]: Leaving directory `/home/jdam/robotter/eurobot/avrs/projects/unioc_adnsCalibration'

------ Compiling Module: base/cirbuf
make[1]: Entering directory `/home/jdam/robotter/eurobot/avrs/projects/unioc_adnsCalibration'
make[1]: Nothing to be done for `all'.
make[1]: Leaving directory `/home/jdam/robotter/eurobot/avrs/projects/unioc_adnsCalibration'

------ Compiling Module: debug/error
make[1]: Entering directory `/home/jdam/robotter/eurobot/avrs/projects/unioc_adnsCalibration'
make[1]: Nothing to be done for `all'.
make[1]: Leaving directory `/home/jdam/robotter/eurobot/avrs/projects/unioc_adnsCalibration'

Size after:
   text	   data	    bss	    dec	    hex	filename
  37732	    122	    820	  38674	   9712	main.elf


Processing MD5:
a84b

